<?xml version="1.0" encoding="UTF-8"?>
<testng-results ignored="0" total="1" passed="1" failed="0" skipped="0">
  <reporter-output>
  </reporter-output>
  <suite started-at="2024-02-06T22:08:00 IST" name="Default suite" finished-at="2024-02-06T22:08:54 IST" duration-ms="54358">
    <groups>
    </groups>
    <test started-at="2024-02-06T22:08:00 IST" name="Default test" finished-at="2024-02-06T22:08:54 IST" duration-ms="54358">
      <class name="com.mvn.Ques2">
        <test-method signature="Q2()[pri:0, instance:com.mvn.Ques2@298a5e20]" started-at="2024-02-06T22:08:00 IST" name="Q2" finished-at="2024-02-06T22:08:54 IST" duration-ms="54267" status="PASS">
          <reporter-output>
          </reporter-output>
        </test-method> <!-- Q2 -->
      </class> <!-- com.mvn.Ques2 -->
    </test> <!-- Default test -->
  </suite> <!-- Default suite -->
</testng-results>
